[INFO] Scanning for projects...
[INFO] 
[INFO] -----------------------< com.example:BookStore >------------------------
[INFO] Building BookStore 0.0.1
[INFO] --------------------------------[ jar ]---------------------------------
[INFO] 
[INFO] >>> spring-boot-maven-plugin:2.5.4:run (default-cli) > test-compile @ BookStore >>>
[INFO] 
[INFO] --- maven-resources-plugin:3.2.0:resources (default-resources) @ BookStore ---
[INFO] Using 'UTF-8' encoding to copy filtered resources.
[INFO] Using 'UTF-8' encoding to copy filtered properties files.
[INFO] Copying 1 resource
[INFO] Copying 27 resources
[INFO] 
[INFO] --- maven-compiler-plugin:3.8.1:compile (default-compile) @ BookStore ---
[INFO] Nothing to compile - all classes are up to date
[INFO] 
[INFO] --- maven-resources-plugin:3.2.0:testResources (default-testResources) @ BookStore ---
[INFO] Using 'UTF-8' encoding to copy filtered resources.
[INFO] Using 'UTF-8' encoding to copy filtered properties files.
[INFO] skip non existing resourceDirectory D:\my_projects\BookStore\src\test\resources
[INFO] 
[INFO] --- maven-compiler-plugin:3.8.1:testCompile (default-testCompile) @ BookStore ---
[INFO] Nothing to compile - all classes are up to date
[INFO] 
[INFO] <<< spring-boot-maven-plugin:2.5.4:run (default-cli) < test-compile @ BookStore <<<
[INFO] 
[INFO] 
[INFO] --- spring-boot-maven-plugin:2.5.4:run (default-cli) @ BookStore ---
[INFO] Attaching agents: []

  .   ____          _            __ _ _
 /\\ / ___'_ __ _ _(_)_ __  __ _ \ \ \ \
( ( )\___ | '_ | '_| | '_ \/ _` | \ \ \ \
 \\/  ___)| |_)| | | | | || (_| |  ) ) ) )
  '  |____| .__|_| |_|_| |_\__, | / / / /
 =========|_|==============|___/=/_/_/_/
 :: Spring Boot ::                (v2.5.4)

2021-12-06 13:33:38.772  INFO 15460 --- [  restartedMain] c.bookStore.store.BookStoreApplication   : Starting BookStoreApplication using Java 16.0.2 on Anubhav with PID 15460 (D:\my_projects\BookStore\target\classes started by Anubhav in D:\my_projects\BookStore)
2021-12-06 13:33:38.773  INFO 15460 --- [  restartedMain] c.bookStore.store.BookStoreApplication   : No active profile set, falling back to default profiles: default
2021-12-06 13:33:38.804  INFO 15460 --- [  restartedMain] .e.DevToolsPropertyDefaultsPostProcessor : Devtools property defaults active! Set 'spring.devtools.add-properties' to 'false' to disable
2021-12-06 13:33:38.804  INFO 15460 --- [  restartedMain] .e.DevToolsPropertyDefaultsPostProcessor : For additional web related logging consider setting the 'logging.level.web' property to 'DEBUG'
2021-12-06 13:33:39.184  INFO 15460 --- [  restartedMain] .s.d.r.c.RepositoryConfigurationDelegate : Bootstrapping Spring Data JPA repositories in DEFAULT mode.
2021-12-06 13:33:39.215  INFO 15460 --- [  restartedMain] .s.d.r.c.RepositoryConfigurationDelegate : Finished Spring Data repository scanning in 26 ms. Found 2 JPA repository interfaces.
2021-12-06 13:33:39.608  INFO 15460 --- [  restartedMain] o.s.b.w.embedded.tomcat.TomcatWebServer  : Tomcat initialized with port(s): 443 (https)
2021-12-06 13:33:39.614  INFO 15460 --- [  restartedMain] o.apache.catalina.core.StandardService   : Starting service [Tomcat]
2021-12-06 13:33:39.615  INFO 15460 --- [  restartedMain] org.apache.catalina.core.StandardEngine  : Starting Servlet engine: [Apache Tomcat/9.0.52]
2021-12-06 13:33:39.677  INFO 15460 --- [  restartedMain] o.a.c.c.C.[Tomcat].[localhost].[/]       : Initializing Spring embedded WebApplicationContext
2021-12-06 13:33:39.677  INFO 15460 --- [  restartedMain] w.s.c.ServletWebServerApplicationContext : Root WebApplicationContext: initialization completed in 873 ms
2021-12-06 13:33:39.773  INFO 15460 --- [  restartedMain] com.zaxxer.hikari.HikariDataSource       : HikariPool-1 - Starting...
2021-12-06 13:33:39.970  INFO 15460 --- [  restartedMain] com.zaxxer.hikari.HikariDataSource       : HikariPool-1 - Start completed.
2021-12-06 13:33:39.998  INFO 15460 --- [  restartedMain] o.hibernate.jpa.internal.util.LogHelper  : HHH000204: Processing PersistenceUnitInfo [name: default]
2021-12-06 13:33:40.024  INFO 15460 --- [  restartedMain] org.hibernate.Version                    : HHH000412: Hibernate ORM core version 5.4.32.Final
2021-12-06 13:33:40.108  INFO 15460 --- [  restartedMain] o.hibernate.annotations.common.Version   : HCANN000001: Hibernate Commons Annotations {5.1.2.Final}
2021-12-06 13:33:40.186  INFO 15460 --- [  restartedMain] org.hibernate.dialect.Dialect            : HHH000400: Using dialect: org.hibernate.dialect.MySQL8Dialect
2021-12-06 13:33:40.491  INFO 15460 --- [  restartedMain] o.h.e.t.j.p.i.JtaPlatformInitiator       : HHH000490: Using JtaPlatform implementation: [org.hibernate.engine.transaction.jta.platform.internal.NoJtaPlatform]
2021-12-06 13:33:40.496  INFO 15460 --- [  restartedMain] j.LocalContainerEntityManagerFactoryBean : Initialized JPA EntityManagerFactory for persistence unit 'default'
2021-12-06 13:33:40.738  WARN 15460 --- [  restartedMain] JpaBaseConfiguration$JpaWebConfiguration : spring.jpa.open-in-view is enabled by default. Therefore, database queries may be performed during view rendering. Explicitly configure spring.jpa.open-in-view to disable this warning
2021-12-06 13:33:40.834  INFO 15460 --- [  restartedMain] o.s.s.w.a.c.ChannelProcessingFilter      : Validated configuration attributes
2021-12-06 13:33:40.843  INFO 15460 --- [  restartedMain] o.s.s.web.DefaultSecurityFilterChain     : Will secure any request with [org.springframework.security.web.access.channel.ChannelProcessingFilter@6a461970, org.springframework.security.web.context.request.async.WebAsyncManagerIntegrationFilter@10ebef77, org.springframework.security.web.context.SecurityContextPersistenceFilter@7004d18a, org.springframework.security.web.header.HeaderWriterFilter@24849fd8, org.springframework.security.web.csrf.CsrfFilter@2d11266, org.springframework.security.web.authentication.logout.LogoutFilter@5d0d74f1, org.springframework.security.web.authentication.UsernamePasswordAuthenticationFilter@2faba36d, org.springframework.security.web.authentication.ui.DefaultLoginPageGeneratingFilter@4dbfa501, org.springframework.security.web.authentication.ui.DefaultLogoutPageGeneratingFilter@3cb302ee, org.springframework.security.web.savedrequest.RequestCacheAwareFilter@7f6b915e, org.springframework.security.web.servletapi.SecurityContextHolderAwareRequestFilter@6345ad7b, org.springframework.security.web.authentication.AnonymousAuthenticationFilter@3b530aa6, org.springframework.security.web.session.SessionManagementFilter@377d4202, org.springframework.security.web.access.ExceptionTranslationFilter@20c466c2, org.springframework.security.web.access.intercept.FilterSecurityInterceptor@597454ba]
2021-12-06 13:33:40.946  INFO 15460 --- [  restartedMain] o.s.b.a.w.s.WelcomePageHandlerMapping    : Adding welcome page: class path resource [templates/index.html]
2021-12-06 13:33:41.183  INFO 15460 --- [  restartedMain] o.s.b.d.a.OptionalLiveReloadServer       : LiveReload server is running on port 35729
2021-12-06 13:33:41.350  INFO 15460 --- [  restartedMain] o.s.b.w.embedded.tomcat.TomcatWebServer  : Tomcat started on port(s): 443 (https) with context path ''
2021-12-06 13:33:41.356  INFO 15460 --- [  restartedMain] c.bookStore.store.BookStoreApplication   : Started BookStoreApplication in 2.788 seconds (JVM running for 3.067)
[^C